<?xml version="1.0" encoding="UTF-8"?>
<testsuite xmlns:xsi="http://www.w3.org/2001/XMLSchema-instance" xsi:noNamespaceSchemaLocation="https://maven.apache.org/surefire/maven-surefire-plugin/xsd/surefire-test-report-3.0.xsd" version="3.0" name="groupId.ReservationTest" time="2.758" tests="2" errors="0" skipped="0" failures="0">
  <properties>
[...]
</properties>
  <testcase name="getReservationTest" classname="groupId.ReservationTest" time="2.739"/>
  <testcase name="givenValidInput_whenMakeReservationIsCalled_thenReturnTrue" classname="groupId.ReservationTest" time="0.01">
    <system-out><![CDATA[Reservation added successfully.
]]></system-out>
  </testcase>
</testsuite>